<?xml version="1.0" encoding="UTF-8"?>
<!-- Generated by org.testng.reporters.JUnitReportReporter -->
<testsuite hostname="ACC" name="com.automationPrograms.FacebookTest.FacebbokSelect" tests="3" failures="0" timestamp="21 Apr 2020 05:32:40 GMT" time="4.309" errors="0">
  <testcase name="containsAllEleTest" time="4.298" classname="com.automationPrograms.FacebookTest.FacebbokSelect"/>
  <testcase name="sortedTest" time="0.008" classname="com.automationPrograms.FacebookTest.FacebbokSelect"/>
  <testcase name="duplicateTest" time="0.003" classname="com.automationPrograms.FacebookTest.FacebbokSelect"/>
</testsuite> <!-- com.automationPrograms.FacebookTest.FacebbokSelect -->
